<?xml version="1.0" encoding="UTF-8"?>
<!-- Generated by org.testng.reporters.JUnitReportReporter -->
<testsuite hostname="HP" failures="0" tests="1" name="com.testing.demo.testingNGProject.addToCart" time="12.141" errors="0" timestamp="2022-10-04T13:30:46 IST" skipped="0">
  <testcase classname="com.testing.demo.testingNGProject.addToCart" name="addToCartTest" time="12.141"/>
  <system-out/>
</testsuite> <!-- com.testing.demo.testingNGProject.addToCart -->
