<?xml version="1.0" encoding="UTF-8"?>
<!-- Generated by org.testng.reporters.JUnitReportReporter -->
<testsuite hostname="HP" failures="0" tests="1" name="com.testing.demo.testingNGProject.login" time="8.589" errors="0" timestamp="2022-10-04T13:28:42 IST" skipped="0">
  <testcase classname="com.testing.demo.testingNGProject.login" name="loginTest" time="8.589"/>
  <system-out/>
</testsuite> <!-- com.testing.demo.testingNGProject.login -->
