<?xml version="1.0" encoding="UTF-8"?>
<!-- Generated by org.testng.reporters.JUnitReportReporter -->
<testsuite hostname="HP" failures="0" tests="1" name="com.testing.demo.testingNGProject.search" time="11.675" errors="0" timestamp="2022-10-04T13:29:43 IST" skipped="0">
  <testcase classname="com.testing.demo.testingNGProject.search" name="searchTest" time="11.675"/>
  <system-out/>
</testsuite> <!-- com.testing.demo.testingNGProject.search -->
