<?xml version="1.0" encoding="UTF-8"?>
<!-- Generated by org.testng.reporters.JUnitReportReporter -->
<testsuite hostname="HP" failures="0" tests="1" name="com.testing.demo.testingNGProject.register" time="8.243" errors="0" timestamp="2022-10-04T13:27:25 IST" skipped="0">
  <testcase classname="com.testing.demo.testingNGProject.register" name="registerTest" time="8.243"/>
  <system-out/>
</testsuite> <!-- com.testing.demo.testingNGProject.register -->
