<?xml version="1.0" encoding="UTF-8"?>
<!-- Generated by org.testng.reporters.JUnitReportReporter -->
<testsuite hostname="HP" failures="0" tests="1" name="com.testing.ImageLoadScreenHeight" time="17.699" errors="0" timestamp="2022-10-12T13:27:02 IST" skipped="0">
  <testcase classname="com.testing.ImageLoadScreenHeight" name="ImageLoadScreenHeightTest" time="17.699"/>
  <system-out>
    <![CDATA[Images are loaded and visible till the screen height only]]>
  </system-out>
</testsuite> <!-- com.testing.ImageLoadScreenHeight -->
