<?xml version="1.0" encoding="UTF-8"?>
<!-- Generated by org.testng.reporters.JUnitReportReporter -->
<testsuite hostname="HP" failures="0" tests="1" name="com.testing.SearchProduct" time="31.517" errors="0" timestamp="2022-10-12T13:27:02 IST" skipped="0">
  <testcase classname="com.testing.SearchProduct" name="searchProductTest" time="31.517"/>
  <system-out>
    <![CDATA[Product Have Been Searched Successfully]]>
  </system-out>
</testsuite> <!-- com.testing.SearchProduct -->
