<?xml version="1.0" encoding="UTF-8"?>
<!-- Generated by org.testng.reporters.JUnitReportReporter -->
<testsuite hostname="HP" failures="0" tests="1" name="com.testing.Homepage" time="30.401" errors="0" timestamp="2022-10-12T13:27:02 IST" skipped="0">
  <testcase classname="com.testing.Homepage" name="homePageTest" time="30.401"/>
  <system-out>
    <![CDATA[Chrome Invoked and navigated to URL: https://www.flipkart.com/<br>
Page Navigated.<br>]]>
  </system-out>
</testsuite> <!-- com.testing.Homepage -->
