<?xml version="1.0" encoding="UTF-8"?>
<!-- Generated by org.testng.reporters.JUnitReportReporter -->
<testsuite hostname="HP" failures="0" tests="1" name="com.testing.navigatebottom" time="23.657" errors="0" timestamp="2022-10-12T13:27:02 IST" skipped="0">
  <testcase classname="com.testing.navigatebottom" name="NavigateBottonTest" time="23.657"/>
  <system-out>
    <![CDATA[Navigated to the Bottom of the Page.]]>
  </system-out>
</testsuite> <!-- com.testing.navigatebottom -->
