<?xml version="1.0" encoding="UTF-8"?>
<!-- Generated by org.testng.reporters.JUnitReportReporter -->
<testsuite hostname="HP" failures="0" tests="1" name="com.testing.Verifyimageload" time="49.119" errors="0" timestamp="2022-10-12T13:27:02 IST" skipped="0">
  <testcase classname="com.testing.Verifyimageload" name="ImageLoadTest" time="49.119"/>
  <system-out>
    <![CDATA[Image is not present before scrolling
Image is present after scrolling]]>
  </system-out>
</testsuite> <!-- com.testing.Verifyimageload -->
