<?xml version="1.0" encoding="UTF-8"?>
<!-- Generated by org.testng.reporters.JUnitReportReporter -->
<testsuite hostname="HP" failures="0" tests="1" name="com.testing.Loadtime" time="28.035" errors="0" timestamp="2022-10-12T13:27:02 IST" skipped="0">
  <testcase classname="com.testing.Loadtime" name="loadTimeTest" time="28.035"/>
  <system-out>
    <![CDATA[Total Time for page load - 26547 milliseconds]]>
  </system-out>
</testsuite> <!-- com.testing.Loadtime -->
