<?xml version="1.0" encoding="UTF-8"?>
<!-- Generated by org.testng.reporters.JUnitReportReporter -->
<testsuite hostname="HP" failures="0" tests="1" name="com.testing.DiffScreenResolution" time="63.182" errors="0" timestamp="2022-10-12T13:27:02 IST" skipped="0">
  <testcase classname="com.testing.DiffScreenResolution" name="DiffScreenResolutionTest" time="63.182"/>
  <system-out>
    <![CDATA[Different browsers and screen resolutions render it in the same way.]]>
  </system-out>
</testsuite> <!-- com.testing.DiffScreenResolution -->
