<?xml version="1.0" encoding="UTF-8"?>
<!-- Generated by org.testng.reporters.JUnitReportReporter -->
<testsuite hostname="HP" failures="0" tests="1" name="com.testing.PageRefresh" time="32.910" errors="0" timestamp="2022-10-12T13:27:02 IST" skipped="0">
  <testcase classname="com.testing.PageRefresh" name="PageRefreshTest" time="32.910"/>
  <system-out>
    <![CDATA[Total Content Load Time while Scrolling: 142 milliseconds]]>
  </system-out>
</testsuite> <!-- com.testing.PageRefresh -->
