<?xml version="1.0" encoding="UTF-8"?>
<!-- Generated by org.testng.reporters.JUnitReportReporter -->
<testsuite hostname="HP" failures="0" tests="1" name="com.testing.checkingScrollbar" time="39.699" errors="0" timestamp="2022-10-12T13:27:02 IST" skipped="0">
  <testcase classname="com.testing.checkingScrollbar" name="scrollBarTest" time="39.699"/>
  <system-out>
    <![CDATA[Horizontal Scrollbar not present on page,Vertical Scrollbar is present on page.]]>
  </system-out>
</testsuite> <!-- com.testing.checkingScrollbar -->
