<?xml version="1.0" encoding="UTF-8"?>
<!-- Generated by org.testng.reporters.JUnitReportReporter -->
<testsuite hostname="HP" failures="0" tests="1" name="com.testing.checkScrollbar" time="21.171" errors="0" timestamp="2022-10-12T13:19:06 IST" skipped="0">
  <testcase classname="com.testing.checkScrollbar" name="scrollBarTest" time="21.171"/>
  <system-out>
    <![CDATA[Horizontal Scrollbar not present on page,Vertical Scrollbar is present on page.]]>
  </system-out>
</testsuite> <!-- com.testing.checkScrollbar -->
